[themehelite.com/themeforest/pure/index-multi-scroll.html]
[backblue.gif]
[fade.gif]
[index.html]
[cdn.themehelite.com/themeforest/pure/css/style-multi-scroll.css]
[cdn.themehelite.com/themeforest/pure/img/logo-colored.png]
[cdn.themehelite.com/themeforest/pure/img/logo.png]
[cdn.themehelite.com/themeforest/pure/img/gallery-1.jpg]
[cdn.themehelite.com/themeforest/pure/img/gallery-2.jpg]
[cdn.themehelite.com/themeforest/pure/img/gallery-3.jpg]
[cdn.themehelite.com/themeforest/pure/img/gallery-4.jpg]
[cdn.themehelite.com/themeforest/pure/img/gallery-5.jpg]
[cdn.themehelite.com/themeforest/pure/img/gallery-6.jpg]
[cdn.themehelite.com/themeforest/pure/img/member-1.jpg]
[code.jquery.com/jquery-1.12.3.min.js]
[cdnjs.cloudflare.com/ajax/libs/jquery-easing/1.3/jquery.easing.min.js]
[cdn.themehelite.com/themeforest/pure/js/jquery.multiscroll.js]
[maxcdn.bootstrapcdn.com/bootstrap/3.3.6/js/bootstrap.min.js]
[cdn.themehelite.com/themeforest/pure/js/map.js]
[cdn.themehelite.com/themeforest/pure/js/vegas-multiscroll.js]
[cdn.themehelite.com/themeforest/pure/js/contact-me.js]
[cdn.themehelite.com/themeforest/pure/js/photoswipe-ui-default.js]
[cdn.themehelite.com/themeforest/pure/js/notifyMe.js]
[cdn.themehelite.com/themeforest/pure/js/main-multi-scroll.js]
[www.google-analytics.com/analytics.js]
[themehelite.com/themeforest/pure/index-multi-scroll.html]
[cdn.themehelite.com/themeforest/pure/css/font-awesome.min.css]
[cdn.themehelite.com/themeforest/pure/css/ionicons.min.css]
[cdn.themehelite.com/themeforest/pure/js/photoswipe.js]
[cdn.themehelite.com/themeforest/pure/css/bootstrap.min.css]
[cdn.themehelite.com/themeforest/pure/css/photoswipe.css]
[cdn.themehelite.com/themeforest/pure/css/default-skin/default-skin.css]
[cdn.themehelite.com/themeforest/pure/css/style-multi-scroll.css]
[cdn.themehelite.com/themeforest/pure/css/vegas.css]
[cdn.themehelite.com/themeforest/pure/css/font-awesome.min.css]
[cdn.themehelite.com/themeforest/pure/css/ionicons.min.css]
[cdn.themehelite.com/themeforest/pure/css/bootstrap.min.css]
[cdn.themehelite.com/themeforest/pure/css/photoswipe.css]
[cdn.themehelite.com/themeforest/pure/img/member-2.jpg]
[cdn.themehelite.com/themeforest/pure/css/animate.css]
[cdn.themehelite.com/themeforest/pure/css/default-skin/default-skin.png]
[cdn.themehelite.com/themeforest/pure/css/default-skin/default-skin.svg]
[cdn.themehelite.com/themeforest/pure/css/default-skin/preloader.gif]
[cdn.themehelite.com/themeforest/pure/css/default-skin/default-skin.css]
[cdn.themehelite.com/themeforest/pure/css/overlays/02.png]
[cdn.themehelite.com/themeforest/pure/css/vegas.css]
[cdn.themehelite.com/themeforest/pure/css/animate.css]
[cdn.themehelite.com/themeforest/pure/css/default-skin/default-skin.svg]
[cdn.themehelite.com/themeforest/pure/css/overlays/02.html]
